[2023/11/12 13:22:47 IST] [Test] [INFO] (main.main:30) Server Started ...
[2023/11/13 14:03:24 IST] [Test] [INFO] (main.main:30) Server Started ...
[2023/11/13 14:10:50 IST] [Test] [INFO] (main.main:30) Server Started ...
[2023/11/13 14:24:55 IST] [Test] [INFO] (main.main:30) Server Started ...
[2023/11/13 14:26:26 IST] [Test] [EROR] (instant/services.PhoneNumberService:26) testing
[2023/11/13 14:26:45 IST] [Test] [INFO] (main.main:30) Server Started ...
[2023/11/13 14:26:54 IST] [Test] [EROR] (instant/services.PhoneNumberService:26) testing
[2023/11/13 14:31:25 IST] [Test] [INFO] (main.main:30) Server Started ...
[2023/11/13 14:31:42 IST] [Test] [EROR] (instant/services.PhoneNumberService:26) 8433564425
[2023/11/13 14:32:01 IST] [Test] [EROR] (instant/services.PhoneNumberService:26) 
[2023/11/13 14:32:10 IST] [Test] [EROR] (instant/services.PhoneNumberService:26) 
[2023/11/13 14:32:17 IST] [Test] [EROR] (instant/services.PhoneNumberService:26) 
[2023/11/13 14:32:23 IST] [Test] [EROR] (instant/services.PhoneNumberService:26) 8433564425
[2023/11/13 14:33:05 IST] [Test] [INFO] (main.main:30) Server Started ...
[2023/11/13 14:33:06 IST] [Test] [EROR] (instant/services.PhoneNumberService:26) %!(EXTRA bool=false)
[2023/11/13 14:34:59 IST] [Test] [INFO] (main.main:30) Server Started ...
[2023/11/13 14:35:02 IST] [Test] [INFO] (main.main:30) Server Started ...
[2023/11/13 14:35:16 IST] [Test] [EROR] (instant/services.PhoneNumberService:30) invalid character '-' in numeric literal
[2023/11/13 14:35:59 IST] [Test] [EROR] (instant/services.PhoneNumberService:30) invalid character '-' in numeric literal
[2023/11/13 14:36:42 IST] [Test] [EROR] (instant/services.PhoneNumberService:30) invalid character '-' in numeric literal
[2023/11/13 14:38:03 IST] [Test] [INFO] (main.main:30) Server Started ...
[2023/11/13 14:38:05 IST] [Test] [EROR] (instant/services.PhoneNumberService:30) invalid character '-' in numeric literal
[2023/11/13 14:38:41 IST] [Test] [INFO] (main.main:30) Server Started ...
[2023/11/13 14:38:42 IST] [Test] [EROR] (instant/services.PhoneNumberService:31) invalid character '-' in numeric literal
[2023/11/13 14:38:58 IST] [Test] [INFO] (main.main:30) Server Started ...
[2023/11/13 14:38:59 IST] [Test] [EROR] (instant/services.PhoneNumberService:30) invalid character '-' in numeric literal
[2023/11/13 14:39:18 IST] [Test] [INFO] (main.main:30) Server Started ...
[2023/11/13 14:39:35 IST] [Test] [INFO] (main.main:30) Server Started ...
[2023/11/13 14:39:38 IST] [Test] [EROR] (instant/services.PhoneNumberService:30) invalid character '-' in numeric literal
[2023/11/13 14:41:02 IST] [Test] [INFO] (main.main:30) Server Started ...
[2023/11/13 14:41:04 IST] [Test] [EROR] (instant/services.PhoneNumberService:30) invalid character '-' in numeric literal
[2023/11/13 14:41:12 IST] [Test] [EROR] (instant/services.PhoneNumberService:30) invalid character '-' in numeric literal
[2023/11/13 14:41:29 IST] [Test] [EROR] (instant/services.PhoneNumberService:30) invalid character '-' in numeric literal
[2023/11/13 16:44:52 IST] [Test] [INFO] (main.main:30) Server Started ...
[2023/11/13 16:44:52 IST] [Test] [EROR] (instant/services.PhoneNumberService:30) invalid character '-' in numeric literal
[2023/11/13 16:44:59 IST] [Test] [EROR] (instant/services.PhoneNumberService:30) invalid character '-' in numeric literal
[2023/11/13 16:45:13 IST] [Test] [INFO] (main.main:30) Server Started ...
[2023/11/13 16:45:15 IST] [Test] [EROR] (instant/services.PhoneNumberService:30) invalid character '-' in numeric literal
[2023/11/13 16:45:22 IST] [Test] [INFO] (main.main:30) Server Started ...
[2023/11/13 16:45:24 IST] [Test] [EROR] (instant/services.PhoneNumberService:30) invalid character '-' in numeric literal
[2023/11/13 16:45:53 IST] [Test] [INFO] (main.main:30) Server Started ...
[2023/11/13 16:45:56 IST] [Test] [EROR] (instant/services.PhoneNumberService:30) invalid character '-' in numeric literal
[2023/11/13 16:46:38 IST] [Test] [INFO] (main.main:30) Server Started ...
[2023/11/13 16:46:39 IST] [Test] [EROR] (instant/services.PhoneNumberService:30) invalid character '-' in numeric literal
[2023/11/13 16:46:40 IST] [Test] [EROR] (instant/services.PhoneNumberService:30) invalid character '-' in numeric literal
[2023/11/13 16:51:52 IST] [Test] [INFO] (main.main:30) Server Started ...
[2023/11/13 16:52:45 IST] [Test] [INFO] (main.main:30) Server Started ...
[2023/11/13 16:53:23 IST] [Test] [INFO] (main.main:30) Server Started ...
[2023/11/13 16:53:26 IST] [Test] [EROR] (instant/services.PhoneNumberService:30) invalid character '-' in numeric literal
[2023/11/13 16:53:59 IST] [Test] [INFO] (main.main:30) Server Started ...
[2023/11/13 16:55:11 IST] [Test] [INFO] (main.main:30) Server Started ...
[2023/11/13 16:56:08 IST] [Test] [INFO] (main.main:30) Server Started ...
[2023/11/13 16:56:18 IST] [Test] [INFO] (main.main:30) Server Started ...
[2023/11/13 16:56:31 IST] [Test] [INFO] (main.main:30) Server Started ...
[2023/11/13 16:56:34 IST] [Test] [EROR] (instant/services.PhoneNumberService:30) invalid character '-' in numeric literal
[2023/11/13 16:58:09 IST] [Test] [INFO] (main.main:30) Server Started ...
[2023/11/13 17:00:18 IST] [Test] [INFO] (main.main:30) Server Started ...
[2023/11/13 17:00:43 IST] [Test] [INFO] (main.main:30) Server Started ...
[2023/11/18 12:56:12 IST] [Test] [INFO] (main.main:30) Server Started ...
[2023/11/18 12:56:59 IST] [Test] [INFO] (main.main:30) Server Started ...
[2023/11/18 12:59:27 IST] [Test] [INFO] (main.main:30) Server Started ...
[2023/11/18 13:01:34 IST] [Test] [INFO] (main.main:30) Server Started ...
[2023/11/18 13:03:56 IST] [Test] [INFO] (main.main:30) Server Started ...
[2023/11/18 13:12:21 IST] [Test] [INFO] (main.main:30) Server Started ...
[2023/11/18 13:13:53 IST] [Test] [INFO] (main.main:30) Server Started ...
[2023/11/18 13:23:39 IST] [Test] [INFO] (main.main:30) Server Started ...
[2023/11/18 13:31:02 IST] [Test] [INFO] (main.main:30) Server Started ...
[2023/11/18 13:31:42 IST] [Test] [INFO] (main.main:30) Server Started ...
[2023/11/18 13:32:07 IST] [Test] [INFO] (main.main:30) Server Started ...
[2023/11/18 13:32:24 IST] [Test] [INFO] (main.main:30) Server Started ...
[2023/11/18 13:32:26 IST] [Test] [INFO] (main.main:30) Server Started ...
[2023/11/18 13:39:24 IST] [Test] [INFO] (main.main:30) Server Started ...
[2023/11/18 13:39:50 IST] [Test] [INFO] (main.main:30) Server Started ...
[2023/11/18 13:42:24 IST] [Test] [INFO] (main.main:30) Server Started ...
[2023/11/18 13:42:50 IST] [Test] [INFO] (main.main:30) Server Started ...
[2023/11/18 13:43:28 IST] [Test] [INFO] (main.main:30) Server Started ...
[2023/11/18 13:44:43 IST] [Test] [INFO] (main.main:30) Server Started ...
[2023/11/18 13:45:23 IST] [Test] [INFO] (main.main:30) Server Started ...
[2023/11/18 13:47:00 IST] [Test] [INFO] (main.main:30) Server Started ...
[2023/11/18 13:47:15 IST] [Test] [INFO] (main.main:30) Server Started ...
[2023/11/18 13:47:30 IST] [Test] [INFO] (main.main:30) Server Started ...
[2023/11/18 13:47:45 IST] [Test] [INFO] (main.main:30) Server Started ...
[2023/11/18 13:48:15 IST] [Test] [INFO] (main.main:30) Server Started ...
[2023/11/18 13:48:24 IST] [Test] [INFO] (main.main:30) Server Started ...
[2023/11/18 13:48:41 IST] [Test] [INFO] (main.main:30) Server Started ...
[2023/11/18 13:48:57 IST] [Test] [INFO] (main.main:30) Server Started ...
[2023/11/18 13:49:03 IST] [Test] [INFO] (main.main:30) Server Started ...
[2023/11/18 13:49:24 IST] [Test] [INFO] (main.main:30) Server Started ...
[2023/11/18 13:49:47 IST] [Test] [INFO] (main.main:30) Server Started ...
[2023/11/18 13:54:40 IST] [Test] [INFO] (main.main:30) Server Started ...
[2023/11/18 13:57:10 IST] [Test] [INFO] (main.main:30) Server Started ...
[2023/11/18 13:57:19 IST] [Test] [INFO] (main.main:30) Server Started ...
[2023/11/18 13:57:31 IST] [Test] [INFO] (main.main:30) Server Started ...
[2023/11/18 13:57:48 IST] [Test] [INFO] (main.main:30) Server Started ...
[2023/11/18 13:57:53 IST] [Test] [INFO] (main.main:30) Server Started ...
[2023/11/18 13:59:37 IST] [Test] [INFO] (main.main:30) Server Started ...
[2023/11/18 14:00:26 IST] [Test] [INFO] (main.main:30) Server Started ...
[2023/11/18 14:00:33 IST] [Test] [INFO] (main.main:30) Server Started ...
[2023/11/18 14:00:52 IST] [Test] [INFO] (main.main:30) Server Started ...
[2023/11/18 14:01:23 IST] [Test] [INFO] (main.main:30) Server Started ...
[2023/11/18 14:04:31 IST] [Test] [INFO] (main.main:30) Server Started ...
[2023/11/18 14:04:50 IST] [Test] [INFO] (main.main:30) Server Started ...
[2023/11/18 14:05:46 IST] [Test] [INFO] (main.main:30) Server Started ...
[2023/11/18 14:06:26 IST] [Test] [INFO] (main.main:30) Server Started ...
[2023/11/18 14:07:11 IST] [Test] [INFO] (main.main:30) Server Started ...
[2023/11/18 14:10:30 IST] [Test] [INFO] (main.main:30) Server Started ...
[2023/11/18 14:11:28 IST] [Test] [INFO] (main.main:30) Server Started ...
[2023/11/18 14:16:19 IST] [Test] [EROR] (instant/services.UserService:23) json: cannot unmarshal string into Go struct field User.smoke of type bool
[2023/11/18 14:20:17 IST] [Test] [INFO] (main.main:30) Server Started ...
[2023/11/18 14:29:39 IST] [Test] [INFO] (main.main:30) Server Started ...
[2023/11/18 14:30:07 IST] [Test] [INFO] (main.main:30) Server Started ...
[2023/11/18 14:30:16 IST] [Test] [INFO] (main.main:30) Server Started ...
[2023/11/18 14:32:32 IST] [Test] [INFO] (main.main:30) Server Started ...
[2023/11/18 14:33:53 IST] [Test] [INFO] (main.main:30) Server Started ...
[2023/11/18 14:34:57 IST] [Test] [INFO] (main.main:30) Server Started ...
[2023/11/18 14:35:46 IST] [Test] [INFO] (main.main:30) Server Started ...
[2023/11/18 14:36:44 IST] [Test] [INFO] (main.main:30) Server Started ...
[2023/11/18 14:37:25 IST] [Test] [INFO] (main.main:30) Server Started ...
[2023/11/18 14:40:08 IST] [Test] [INFO] (main.main:30) Server Started ...
[2023/11/18 14:40:48 IST] [Test] [INFO] (main.main:30) Server Started ...
[2023/11/18 14:40:53 IST] [Test] [INFO] (main.main:30) Server Started ...
[2023/11/18 14:41:13 IST] [Test] [INFO] (main.main:30) Server Started ...
[2023/11/18 14:42:03 IST] [Test] [INFO] (main.main:30) Server Started ...
[2023/11/18 14:44:30 IST] [Test] [INFO] (main.main:30) Server Started ...
[2023/11/18 14:45:49 IST] [Test] [INFO] (main.main:30) Server Started ...
[2023/11/18 15:16:16 IST] [Test] [INFO] (main.main:30) Server Started ...
[2023/11/18 15:18:16 IST] [Test] [INFO] (main.main:30) Server Started ...
[2023/11/18 15:19:57 IST] [Test] [INFO] (main.main:30) Server Started ...
[2023/11/18 15:20:27 IST] [Test] [INFO] (main.main:30) Server Started ...
[2023/11/19 11:04:49 IST] [Test] [INFO] (main.main:30) Server Started ...
[2023/11/19 11:07:28 IST] [Test] [INFO] (main.main:30) Server Started ...
[2023/11/19 11:09:10 IST] [Test] [INFO] (main.main:30) Server Started ...
[2023/11/19 11:10:48 IST] [Test] [INFO] (main.main:30) Server Started ...
[2023/11/19 11:12:30 IST] [Test] [INFO] (main.main:30) Server Started ...
[2023/11/19 11:12:57 IST] [Test] [INFO] (main.main:30) Server Started ...
[2023/11/19 11:13:14 IST] [Test] [INFO] (main.main:30) Server Started ...
[2023/11/19 11:26:11 IST] [Test] [INFO] (main.main:30) Server Started ...
[2023/11/19 11:30:00 IST] [Test] [INFO] (main.main:30) Server Started ...
[2023/11/19 11:30:10 IST] [Test] [INFO] (main.main:30) Server Started ...
[2023/11/19 11:30:52 IST] [Test] [INFO] (main.main:30) Server Started ...
[2023/11/19 11:32:22 IST] [Test] [INFO] (main.main:30) Server Started ...
[2023/11/19 11:33:37 IST] [Test] [INFO] (main.main:30) Server Started ...
[2023/11/19 11:33:42 IST] [Test] [INFO] (main.main:30) Server Started ...
[2023/11/19 11:34:06 IST] [Test] [INFO] (main.main:30) Server Started ...
[2023/11/19 11:34:14 IST] [Test] [INFO] (main.main:30) Server Started ...
[2023/11/19 11:34:57 IST] [Test] [INFO] (main.main:30) Server Started ...
[2023/11/19 11:36:05 IST] [Test] [INFO] (main.main:30) Server Started ...
[2023/11/19 11:36:26 IST] [Test] [INFO] (main.main:30) Server Started ...
[2023/11/19 11:37:10 IST] [Test] [INFO] (main.main:30) Server Started ...
[2023/11/19 11:37:34 IST] [Test] [INFO] (main.main:30) Server Started ...
[2023/11/19 11:40:36 IST] [Test] [INFO] (main.main:30) Server Started ...
[2023/11/19 11:53:28 IST] [Test] [INFO] (main.main:31) Server Started ...
[2023/11/19 11:53:39 IST] [Test] [INFO] (main.main:30) Server Started ...
[2023/11/19 11:54:52 IST] [Test] [INFO] (main.main:30) Server Started ...
[2023/11/19 11:57:16 IST] [Test] [INFO] (main.main:31) Server Started ...
[2023/11/19 11:57:21 IST] [Test] [INFO] (main.main:31) Server Started ...
[2023/11/19 11:57:47 IST] [Test] [INFO] (main.main:30) Server Started ...
[2023/11/19 11:58:24 IST] [Test] [INFO] (main.main:30) Server Started ...
[2023/11/19 11:58:47 IST] [Test] [INFO] (main.main:30) Server Started ...
[2023/11/19 12:02:18 IST] [Test] [INFO] (main.main:30) Server Started ...
[2023/11/19 12:18:51 IST] [Test] [INFO] (main.main:30) Server Started ...
[2023/11/19 12:19:37 IST] [Test] [INFO] (main.main:30) Server Started ...
[2023/11/19 12:20:13 IST] [Test] [INFO] (main.main:30) Server Started ...
[2023/11/19 12:22:53 IST] [Test] [INFO] (main.main:30) Server Started ...
[2023/11/19 12:27:00 IST] [Test] [INFO] (main.main:30) Server Started ...
[2023/11/19 12:27:45 IST] [Test] [INFO] (main.main:30) Server Started ...
[2023/11/19 12:29:43 IST] [Test] [INFO] (main.main:30) Server Started ...
[2023/11/19 12:30:54 IST] [Test] [INFO] (main.main:30) Server Started ...
[2023/11/19 12:32:41 IST] [Test] [INFO] (main.main:30) Server Started ...
[2023/11/19 12:34:32 IST] [Test] [INFO] (main.main:30) Server Started ...
[2023/11/19 12:34:42 IST] [Test] [INFO] (main.main:30) Server Started ...
[2023/11/19 12:36:08 IST] [Test] [INFO] (main.main:30) Server Started ...
[2023/11/19 12:36:28 IST] [Test] [INFO] (main.main:30) Server Started ...
[2023/11/19 12:40:34 IST] [Test] [INFO] (main.main:30) Server Started ...
[2023/11/19 12:41:29 IST] [Test] [INFO] (main.main:30) Server Started ...
[2023/11/19 12:44:42 IST] [Test] [INFO] (main.main:30) Server Started ...
[2023/11/19 12:46:06 IST] [Test] [INFO] (main.main:30) Server Started ...
[2023/11/19 12:47:31 IST] [Test] [INFO] (main.main:30) Server Started ...
[2023/11/19 12:47:41 IST] [Test] [INFO] (main.main:30) Server Started ...
[2023/11/19 12:48:00 IST] [Test] [INFO] (main.main:30) Server Started ...
[2023/11/19 12:48:14 IST] [Test] [INFO] (main.main:30) Server Started ...
[2023/11/19 12:48:32 IST] [Test] [INFO] (main.main:30) Server Started ...
[2023/11/19 12:53:39 IST] [Test] [INFO] (main.main:30) Server Started ...
[2023/11/19 12:54:20 IST] [Test] [INFO] (main.main:30) Server Started ...
[2023/11/19 12:55:40 IST] [Test] [INFO] (main.main:30) Server Started ...
[2023/11/19 12:55:50 IST] [Test] [INFO] (main.main:30) Server Started ...
[2023/11/19 12:56:14 IST] [Test] [INFO] (main.main:30) Server Started ...
[2023/11/19 12:56:46 IST] [Test] [INFO] (main.main:30) Server Started ...
[2023/11/19 12:59:56 IST] [Test] [INFO] (main.main:30) Server Started ...
